Build started 08.12.2025 20:24:17.
Logging verbosity is set to: Normal.     1>Project "C:\Users\user\OneDrive\Рабочий стол\HKV-2025\Assembler\Assembler.vcxproj" on node 2 (Build target(s)).
     1>PrepareForBuild:
         Structured output is enabled. The formatting of compiler diagnostics will reflect the error hierarchy. See https://aka.ms/cpp/structured-output for more details.
       InitializeBuildStatus:
         Creating "Debug\Assembler.tlog\unsuccessfulbuild" because "AlwaysCreate" was specified.
         Touching "Debug\Assembler.tlog\unsuccessfulbuild".
       _MASM:
         Assembling out.asm...
         cmd.exe /C "C:\Users\user\AppData\Local\Temp\tmpced7b6e6d8d740fb9337dc6dd1ab6b92.cmd"
         ml.exe /c /nologo /Zi /Fo"Debug\out.obj" /W3 /errorReport:prompt  /Taout.asm
       Link:
         C:\Program Files\Microsoft Visual Studio\2022\Community\VC\Tools\MSVC\14.44.35207\bin\HostX86\x86\link.exe /ERRORREPORT:PROMPT /OUT:"C:\Users\user\OneDrive\Рабочий стол\HKV-2025\HKV-2025\Debug\Assembler.exe" /INCREMENTAL /ILK:"Debug\Assembler.ilk" /NOLOGO kernel32.lib user32.lib gdi32.lib winspool.lib comdlg32.lib advapi32.lib shell32.lib ole32.lib oleaut32.lib uuid.lib odbc32.lib odbccp32.lib /MANIFEST /MANIFESTUAC:"level='asInvoker' uiAccess='false'" /manifest:embed /DEBUG /PDB:"C:\Users\user\OneDrive\Рабочий стол\HKV-2025\HKV-2025\Debug\Assembler.pdb" /SUBSYSTEM:CONSOLE /TLBID:1 /DYNAMICBASE /NXCOMPAT /IMPLIB:"C:\Users\user\OneDrive\Рабочий стол\HKV-2025\HKV-2025\Debug\Assembler.lib" /MACHINE:X86 Debug\out.obj
         Assembler.vcxproj -> C:\Users\user\OneDrive\Рабочий стол\HKV-2025\HKV-2025\Debug\Assembler.exe
       FinalizeBuildStatus:
         Deleting file "Debug\Assembler.tlog\unsuccessfulbuild".
         Touching "Debug\Assembler.tlog\Assembler.lastbuildstate".
     1>Done Building Project "C:\Users\user\OneDrive\Рабочий стол\HKV-2025\Assembler\Assembler.vcxproj" (Build target(s)).

Build succeeded.
    0 Warning(s)
    0 Error(s)

Time Elapsed 00:00:00.86
