c:\из рабочего стола\hkv-2025\hkv-2025\hkv-2025\x64\debug\vc143.pdb
c:\из рабочего стола\hkv-2025\hkv-2025\hkv-2025\x64\debug\vc143.idb
c:\из рабочего стола\hkv-2025\hkv-2025\hkv-2025\x64\debug\parm.obj
c:\из рабочего стола\hkv-2025\hkv-2025\hkv-2025\x64\debug\out.obj
c:\из рабочего стола\hkv-2025\hkv-2025\hkv-2025\x64\debug\lt.obj
c:\из рабочего стола\hkv-2025\hkv-2025\hkv-2025\x64\debug\log.obj
c:\из рабочего стола\hkv-2025\hkv-2025\hkv-2025\x64\debug\lexer.obj
c:\из рабочего стола\hkv-2025\hkv-2025\hkv-2025\x64\debug\it.obj
c:\из рабочего стола\hkv-2025\hkv-2025\hkv-2025\x64\debug\in.obj
c:\из рабочего стола\hkv-2025\hkv-2025\hkv-2025\x64\debug\hkv-2025.obj
c:\из рабочего стола\hkv-2025\hkv-2025\hkv-2025\x64\debug\fst.obj
c:\из рабочего стола\hkv-2025\hkv-2025\hkv-2025\x64\debug\error.obj
c:\из рабочего стола\hkv-2025\hkv-2025\x64\debug\hkv-2025.exe
c:\из рабочего стола\hkv-2025\hkv-2025\x64\debug\hkv-2025.pdb
c:\из рабочего стола\hkv-2025\hkv-2025\hkv-2025\x64\debug\hkv-2025.ilk
c:\из рабочего стола\hkv-2025\hkv-2025\hkv-2025\x64\debug\hkv-2025.tlog\cl.command.1.tlog
c:\из рабочего стола\hkv-2025\hkv-2025\hkv-2025\x64\debug\hkv-2025.tlog\cl.items.tlog
c:\из рабочего стола\hkv-2025\hkv-2025\hkv-2025\x64\debug\hkv-2025.tlog\cl.read.1.tlog
c:\из рабочего стола\hkv-2025\hkv-2025\hkv-2025\x64\debug\hkv-2025.tlog\cl.write.1.tlog
c:\из рабочего стола\hkv-2025\hkv-2025\hkv-2025\x64\debug\hkv-2025.tlog\link.command.1.tlog
c:\из рабочего стола\hkv-2025\hkv-2025\hkv-2025\x64\debug\hkv-2025.tlog\link.read.1.tlog
c:\из рабочего стола\hkv-2025\hkv-2025\hkv-2025\x64\debug\hkv-2025.tlog\link.secondary.1.tlog
c:\из рабочего стола\hkv-2025\hkv-2025\hkv-2025\x64\debug\hkv-2025.tlog\link.write.1.tlog
