Build started 03.12.2025 0:49:51.
Logging verbosity is set to: Normal.     1>Project "C:\Users\user\OneDrive\Рабочий стол\HKV-2025\StaticLibrary\StaticLibrary.vcxproj" on node 2 (Build target(s)).
     1>PrepareForBuild:
         Structured output is enabled. The formatting of compiler diagnostics will reflect the error hierarchy. See https://aka.ms/cpp/structured-output for more details.
       InitializeBuildStatus:
         Creating "x64\Debug\StaticLibrary.tlog\unsuccessfulbuild" because "AlwaysCreate" was specified.
         Touching "x64\Debug\StaticLibrary.tlog\unsuccessfulbuild".
       ClCompile:
         All outputs are up-to-date.
         C:\Program Files\Microsoft Visual Studio\2022\Community\VC\Tools\MSVC\14.44.35207\bin\HostX64\x64\CL.exe /c /ZI /JMC /nologo /W3 /WX- /diagnostics:column /sdl /Od /D _DEBUG /D _LIB /D _UNICODE /D UNICODE /Gm- /EHsc /RTC1 /MDd /GS /fp:precise /Zc:wchar_t /Zc:forScope /Zc:inline /permissive- /Yu"pch.h" /Fp"x64\Debug\StaticLibrary.pch" /Fo"x64\Debug\\" /Fd"C:\Users\user\OneDrive\Рабочий стол\HKV-2025\HKV-2025\x64\Debug\StaticLibrary.pdb" /external:W3 /Gd /TP /FC /errorReport:prompt StaticLibrary.cpp
         StaticLibrary.cpp
     1>C:\Users\user\OneDrive\Рабочий стол\HKV-2025\StaticLibrary\StaticLibrary.cpp(68,7): warning C4312: 'type cast': conversion from 'int' to 'char *' of greater size
         (compiling source file '/StaticLibrary.cpp')
         
     1>C:\Users\user\OneDrive\Рабочий стол\HKV-2025\StaticLibrary\StaticLibrary.cpp(70,17): warning C4312: 'type cast': conversion from 'int' to 'char *' of greater size
         (compiling source file '/StaticLibrary.cpp')
         
     1>C:\Users\user\OneDrive\Рабочий стол\HKV-2025\StaticLibrary\StaticLibrary.cpp(75,7): warning C4312: 'type cast': conversion from 'int' to 'char *' of greater size
         (compiling source file '/StaticLibrary.cpp')
         
     1>C:\Users\user\OneDrive\Рабочий стол\HKV-2025\StaticLibrary\StaticLibrary.cpp(75,34): warning C4312: 'type cast': conversion from 'int' to 'char *' of greater size
         (compiling source file '/StaticLibrary.cpp')
         
     1>C:\Users\user\OneDrive\Рабочий стол\HKV-2025\StaticLibrary\StaticLibrary.cpp(77,18): warning C4312: 'type cast': conversion from 'int' to 'char *' of greater size
         (compiling source file '/StaticLibrary.cpp')
         
       Lib:
         C:\Program Files\Microsoft Visual Studio\2022\Community\VC\Tools\MSVC\14.44.35207\bin\HostX64\x64\Lib.exe /OUT:"C:\Users\user\OneDrive\Рабочий стол\HKV-2025\HKV-2025\x64\Debug\StaticLibrary.lib" /NOLOGO /MACHINE:X64 x64\Debug\pch.obj
         x64\Debug\StaticLibrary.obj
         StaticLibrary.vcxproj -> C:\Users\user\OneDrive\Рабочий стол\HKV-2025\HKV-2025\x64\Debug\StaticLibrary.lib
       FinalizeBuildStatus:
         Deleting file "x64\Debug\StaticLibrary.tlog\unsuccessfulbuild".
         Touching "x64\Debug\StaticLibrary.tlog\StaticLibrary.lastbuildstate".
     1>Done Building Project "C:\Users\user\OneDrive\Рабочий стол\HKV-2025\StaticLibrary\StaticLibrary.vcxproj" (Build target(s)).

Build succeeded.

       "C:\Users\user\OneDrive\Рабочий стол\HKV-2025\StaticLibrary\StaticLibrary.vcxproj" (Build target) (1) ->
       (ClCompile target) -> 
         C:\Users\user\OneDrive\Рабочий стол\HKV-2025\StaticLibrary\StaticLibrary.cpp(68,7): warning C4312: 'type cast': conversion from 'int' to 'char *' of greater size
         C:\Users\user\OneDrive\Рабочий стол\HKV-2025\StaticLibrary\StaticLibrary.cpp(70,17): warning C4312: 'type cast': conversion from 'int' to 'char *' of greater size
         C:\Users\user\OneDrive\Рабочий стол\HKV-2025\StaticLibrary\StaticLibrary.cpp(75,7): warning C4312: 'type cast': conversion from 'int' to 'char *' of greater size
         C:\Users\user\OneDrive\Рабочий стол\HKV-2025\StaticLibrary\StaticLibrary.cpp(75,34): warning C4312: 'type cast': conversion from 'int' to 'char *' of greater size
         C:\Users\user\OneDrive\Рабочий стол\HKV-2025\StaticLibrary\StaticLibrary.cpp(77,18): warning C4312: 'type cast': conversion from 'int' to 'char *' of greater size

    5 Warning(s)
    0 Error(s)

Time Elapsed 00:00:01.03
