Build started 15.12.2025 18:32:57.
Logging verbosity is set to: Normal.     1>Project "C:\Users\user\OneDrive\Рабочий стол\HKV-2025\DirectivesOfKings\DirectivesOfKings.vcxproj" on node 2 (Rebuild target(s)).
     1>PrepareForBuild:
         Structured output is enabled. The formatting of compiler diagnostics will reflect the error hierarchy. See https://aka.ms/cpp/structured-output for more details.
         Creating directory "C:\Users\user\OneDrive\Рабочий стол\HKV-2025\HKV-2025\Release\".
         Creating directory "Release\Directiv.bb1ede4c.tlog\".
       InitializeBuildStatus:
         Creating "Release\Directiv.bb1ede4c.tlog\unsuccessfulbuild" because "AlwaysCreate" was specified.
         Touching "Release\Directiv.bb1ede4c.tlog\unsuccessfulbuild".
       _MASM:
         Assembling DirectivesOfKing.asm...
         cmd.exe /C "C:\Users\user\AppData\Local\Temp\tmpcf3256a8a1544d409a0de4c269456391.cmd"
         ml.exe /c /nologo /Zi /Fo"Release\DirectivesOfKing.obj" /W3 /errorReport:prompt  /TaDirectivesOfKing.asm
       Link:
         C:\Program Files\Microsoft Visual Studio\2022\Community\VC\Tools\MSVC\14.44.35207\bin\HostX86\x86\link.exe /ERRORREPORT:PROMPT /OUT:"C:\Users\user\OneDrive\Рабочий стол\HKV-2025\HKV-2025\Release\DirectivesOfKings.exe" /NOLOGO kernel32.lib user32.lib gdi32.lib winspool.lib comdlg32.lib advapi32.lib shell32.lib ole32.lib oleaut32.lib uuid.lib odbc32.lib odbccp32.lib /MANIFEST /MANIFESTUAC:"level='asInvoker' uiAccess='false'" /manifest:embed /DEBUG /PDB:"C:\Users\user\OneDrive\Рабочий стол\HKV-2025\HKV-2025\Release\DirectivesOfKings.pdb" /SUBSYSTEM:CONSOLE /OPT:REF /OPT:ICF /LTCG:incremental /LTCGOUT:"Release\DirectivesOfKings.iobj" /TLBID:1 /DYNAMICBASE /NXCOMPAT /IMPLIB:"C:\Users\user\OneDrive\Рабочий стол\HKV-2025\HKV-2025\Release\DirectivesOfKings.lib" /MACHINE:X86 /SAFESEH Release\DirectivesOfKing.obj
     1>LINK : fatal error LNK1104: cannot open file 'Arsenal.lib'
     1>Done Building Project "C:\Users\user\OneDrive\Рабочий стол\HKV-2025\DirectivesOfKings\DirectivesOfKings.vcxproj" (Rebuild target(s)) -- FAILED.

Build FAILED.

       "C:\Users\user\OneDrive\Рабочий стол\HKV-2025\DirectivesOfKings\DirectivesOfKings.vcxproj" (Rebuild target) (1) ->
       (Link target) -> 
         LINK : fatal error LNK1104: cannot open file 'Arsenal.lib'

    0 Warning(s)
    1 Error(s)

Time Elapsed 00:00:01.47
