c:\users\user\onedrive\рабочий стол\hkv-2025\hkv-2025\hkv-2025\debug\vc143.pdb
c:\users\user\onedrive\рабочий стол\hkv-2025\hkv-2025\hkv-2025\debug\vc143.idb
c:\users\user\onedrive\рабочий стол\hkv-2025\hkv-2025\hkv-2025\debug\semanticanalyze.obj
c:\users\user\onedrive\рабочий стол\hkv-2025\hkv-2025\hkv-2025\debug\polishnotation.obj
c:\users\user\onedrive\рабочий стол\hkv-2025\hkv-2025\hkv-2025\debug\parm.obj
c:\users\user\onedrive\рабочий стол\hkv-2025\hkv-2025\hkv-2025\debug\mfst.obj
c:\users\user\onedrive\рабочий стол\hkv-2025\hkv-2025\hkv-2025\debug\lt.obj
c:\users\user\onedrive\рабочий стол\hkv-2025\hkv-2025\hkv-2025\debug\log.obj
c:\users\user\onedrive\рабочий стол\hkv-2025\hkv-2025\hkv-2025\debug\lexanalysis.obj
c:\users\user\onedrive\рабочий стол\hkv-2025\hkv-2025\hkv-2025\debug\it.obj
c:\users\user\onedrive\рабочий стол\hkv-2025\hkv-2025\hkv-2025\debug\in.obj
c:\users\user\onedrive\рабочий стол\hkv-2025\hkv-2025\hkv-2025\debug\hkv-2025.obj
c:\users\user\onedrive\рабочий стол\hkv-2025\hkv-2025\hkv-2025\debug\grb.obj
c:\users\user\onedrive\рабочий стол\hkv-2025\hkv-2025\hkv-2025\debug\generator.obj
c:\users\user\onedrive\рабочий стол\hkv-2025\hkv-2025\hkv-2025\debug\fst.obj
c:\users\user\onedrive\рабочий стол\hkv-2025\hkv-2025\hkv-2025\debug\error.obj
c:\users\user\onedrive\рабочий стол\hkv-2025\hkv-2025\debug\hkv-2025.exe
c:\users\user\onedrive\рабочий стол\hkv-2025\hkv-2025\debug\hkv-2025.pdb
c:\users\user\onedrive\рабочий стол\hkv-2025\hkv-2025\hkv-2025\debug\hkv-2025.ilk
c:\users\user\onedrive\рабочий стол\hkv-2025\hkv-2025\hkv-2025\debug\hkv-2025.tlog\cl.command.1.tlog
c:\users\user\onedrive\рабочий стол\hkv-2025\hkv-2025\hkv-2025\debug\hkv-2025.tlog\cl.items.tlog
c:\users\user\onedrive\рабочий стол\hkv-2025\hkv-2025\hkv-2025\debug\hkv-2025.tlog\cl.read.1.tlog
c:\users\user\onedrive\рабочий стол\hkv-2025\hkv-2025\hkv-2025\debug\hkv-2025.tlog\cl.write.1.tlog
c:\users\user\onedrive\рабочий стол\hkv-2025\hkv-2025\hkv-2025\debug\hkv-2025.tlog\link.command.1.tlog
c:\users\user\onedrive\рабочий стол\hkv-2025\hkv-2025\hkv-2025\debug\hkv-2025.tlog\link.read.1.tlog
c:\users\user\onedrive\рабочий стол\hkv-2025\hkv-2025\hkv-2025\debug\hkv-2025.tlog\link.secondary.1.tlog
c:\users\user\onedrive\рабочий стол\hkv-2025\hkv-2025\hkv-2025\debug\hkv-2025.tlog\link.write.1.tlog
