Build started 13.12.2025 22:58:23.
Logging verbosity is set to: Normal.     1>Project "C:\Users\user\OneDrive\Рабочий стол\HKV-2025\HKV-2025\HKV-2025.vcxproj" on node 2 (Build target(s)).
     1>PrepareForBuild:
         Structured output is enabled. The formatting of compiler diagnostics will reflect the error hierarchy. See https://aka.ms/cpp/structured-output for more details.
       InitializeBuildStatus:
         Creating "HKV-2025\Debug\HKV-2025.tlog\unsuccessfulbuild" because "AlwaysCreate" was specified.
         Touching "HKV-2025\Debug\HKV-2025.tlog\unsuccessfulbuild".
       ClCompile:
         C:\Program Files\Microsoft Visual Studio\2022\Community\VC\Tools\MSVC\14.44.35207\bin\HostX86\x86\CL.exe /c /ZI /JMC /nologo /W3 /WX- /diagnostics:column /sdl /Od /Oy- /D WIN32 /D _DEBUG /D _CONSOLE /D _UNICODE /D UNICODE /Gm- /EHsc /RTC1 /MDd /GS /fp:precise /Zc:wchar_t /Zc:forScope /Zc:inline /permissive- /Fo"HKV-2025\Debug\\" /Fd"HKV-2025\Debug\vc143.pdb" /external:W3 /Gd /TP /analyze- /FC /errorReport:prompt GRB.cpp
         GRB.cpp
       Link:
         C:\Program Files\Microsoft Visual Studio\2022\Community\VC\Tools\MSVC\14.44.35207\bin\HostX86\x86\link.exe /ERRORREPORT:PROMPT /OUT:"C:\Users\user\OneDrive\Рабочий стол\HKV-2025\HKV-2025\Debug\HKV-2025.exe" /INCREMENTAL /ILK:"HKV-2025\Debug\HKV-2025.ilk" /NOLOGO kernel32.lib user32.lib gdi32.lib winspool.lib comdlg32.lib advapi32.lib shell32.lib ole32.lib oleaut32.lib uuid.lib odbc32.lib odbccp32.lib /MANIFEST /MANIFESTUAC:"level='asInvoker' uiAccess='false'" /manifest:embed /DEBUG /PDB:"C:\Users\user\OneDrive\Рабочий стол\HKV-2025\HKV-2025\Debug\HKV-2025.pdb" /SUBSYSTEM:CONSOLE /TLBID:1 /DYNAMICBASE /NXCOMPAT /IMPLIB:"C:\Users\user\OneDrive\Рабочий стол\HKV-2025\HKV-2025\Debug\HKV-2025.lib" /MACHINE:X86 "HKV-2025\Debug\Error.obj"
         "HKV-2025\Debug\FST.obj"
         "HKV-2025\Debug\Generator.obj"
         "HKV-2025\Debug\GeneratorScript.obj"
         "HKV-2025\Debug\GRB.obj"
         "HKV-2025\Debug\HKV-2025.obj"
         "HKV-2025\Debug\In.obj"
         "HKV-2025\Debug\IT.obj"
         "HKV-2025\Debug\LexAnalysis.obj"
         "HKV-2025\Debug\Log.obj"
         "HKV-2025\Debug\LT.obj"
         "HKV-2025\Debug\MFST.obj"
         "HKV-2025\Debug\Parm.obj"
         "HKV-2025\Debug\PolishNotation.obj"
         "HKV-2025\Debug\SemanticAnalyze.obj"
         HKV-2025.vcxproj -> C:\Users\user\OneDrive\Рабочий стол\HKV-2025\HKV-2025\Debug\HKV-2025.exe
       FinalizeBuildStatus:
         Deleting file "HKV-2025\Debug\HKV-2025.tlog\unsuccessfulbuild".
         Touching "HKV-2025\Debug\HKV-2025.tlog\HKV-2025.lastbuildstate".
     1>Done Building Project "C:\Users\user\OneDrive\Рабочий стол\HKV-2025\HKV-2025\HKV-2025.vcxproj" (Build target(s)).

Build succeeded.
    0 Warning(s)
    0 Error(s)

Time Elapsed 00:00:01.45
